<?xml version="1.0" encoding="UTF-8"?>
<testng-results skipped="0" failed="0" ignored="0" total="1" passed="1">
  <reporter-output>
  </reporter-output>
  <suite name="Default suite" duration-ms="25249" started-at="2020-01-24T20:27:43Z" finished-at="2020-01-24T20:28:08Z">
    <groups>
    </groups>
    <test name="Default test" duration-ms="25249" started-at="2020-01-24T20:27:43Z" finished-at="2020-01-24T20:28:08Z">
      <class name="com.wbl.WblBookDownload">
        <test-method status="PASS" signature="beforeClass()[pri:0, instance:com.wbl.WblBookDownload@77caeb3e]" name="beforeClass" is-config="true" duration-ms="10056" started-at="2020-01-24T20:27:43Z" finished-at="2020-01-24T20:27:53Z">
          <reporter-output>
          </reporter-output>
        </test-method> <!-- beforeClass -->
        <test-method status="PASS" signature="bookDownload()[pri:0, instance:com.wbl.WblBookDownload@77caeb3e]" name="bookDownload" duration-ms="14287" started-at="2020-01-24T20:27:53Z" finished-at="2020-01-24T20:28:07Z">
          <reporter-output>
          </reporter-output>
        </test-method> <!-- bookDownload -->
        <test-method status="PASS" signature="afterClass()[pri:0, instance:com.wbl.WblBookDownload@77caeb3e]" name="afterClass" is-config="true" duration-ms="873" started-at="2020-01-24T20:28:07Z" finished-at="2020-01-24T20:28:08Z">
          <reporter-output>
          </reporter-output>
        </test-method> <!-- afterClass -->
      </class> <!-- com.wbl.WblBookDownload -->
    </test> <!-- Default test -->
  </suite> <!-- Default suite -->
</testng-results>
